[18:58:00] [Client thread/INFO]: Setting user: Player326
[18:58:03] [Client thread/WARN]: Skipping bad option: lastServer:
[18:58:03] [Client thread/INFO]: LWJGL Version: 2.9.4
[18:58:07] [Client thread/INFO]: Reloading ResourceManager: Default, FMLFileResourcePack:Forge Mod Loader, FMLFileResourcePack:Minecraft Forge, FMLFileResourcePack:mod1st
[18:58:10] [Sound Library Loader/INFO]: Starting up SoundSystem...
[18:58:10] [Thread-8/INFO]: Initializing LWJGL OpenAL
[18:58:10] [Thread-8/INFO]: (The LWJGL binding of OpenAL.  For more information, see http://www.lwjgl.org)
[18:58:11] [Thread-8/INFO]: OpenAL initialized.
[18:58:11] [Sound Library Loader/INFO]: Sound engine started
[18:58:16] [Client thread/INFO]: Created: 16x16 textures-atlas
[18:58:17] [Client thread/INFO]: Reloading ResourceManager: Default, FMLFileResourcePack:Forge Mod Loader, FMLFileResourcePack:Minecraft Forge, FMLFileResourcePack:mod1st
[18:58:20] [Client thread/INFO]: SoundSystem shutting down...
[18:58:20] [Client thread/WARN]: Author: Paul Lamb, www.paulscode.com
[18:58:20] [Sound Library Loader/INFO]: Starting up SoundSystem...
[18:58:21] [Thread-10/INFO]: Initializing LWJGL OpenAL
[18:58:21] [Thread-10/INFO]: (The LWJGL binding of OpenAL.  For more information, see http://www.lwjgl.org)
[18:58:21] [Thread-10/INFO]: OpenAL initialized.
[18:58:21] [Sound Library Loader/INFO]: Sound engine started
[18:58:25] [Client thread/INFO]: Created: 1024x512 textures-atlas
[18:58:26] [Client thread/WARN]: Skipping bad option: lastServer:
[18:58:27] [Realms Notification Availability checker #1/INFO]: Could not authorize you against Realms server: Invalid session id
[18:58:42] [Server thread/INFO]: Starting integrated minecraft server version 1.10.2
[18:58:42] [Server thread/INFO]: Generating keypair
[18:58:43] [Server thread/INFO]: Preparing start region for level 0
[18:58:44] [Server thread/INFO]: Preparing spawn area: 48%
[18:58:44] [Server thread/INFO]: Changing view distance to 12, from 10
[18:58:45] [Server thread/INFO]: Player326[local:E:38b2e979] logged in with entity id 241 at (0.49856466823257506, 57.0, 2.300000011920929)
[18:58:45] [Server thread/INFO]: Player326 joined the game
[18:58:47] [Server thread/INFO]: Saving and pausing game...
[18:58:47] [Server thread/INFO]: Saving chunks for level 'New World'/Overworld
[18:58:47] [Server thread/INFO]: Saving chunks for level 'New World'/Nether
[18:58:47] [Server thread/INFO]: Saving chunks for level 'New World'/The End
[18:58:47] [pool-2-thread-1/WARN]: Couldn't look up profile properties for com.mojang.authlib.GameProfile@27c6d7c[id=bbd99455-8401-3d8f-8354-38be4a4ffba2,name=Player326,properties={},legacy=false]
com.mojang.authlib.exceptions.AuthenticationException: The client has sent too many requests within a certain amount of time
	at com.mojang.authlib.yggdrasil.YggdrasilAuthenticationService.makeRequest(YggdrasilAuthenticationService.java:65) ~[YggdrasilAuthenticationService.class:?]
	at com.mojang.authlib.yggdrasil.YggdrasilMinecraftSessionService.fillGameProfile(YggdrasilMinecraftSessionService.java:175) [YggdrasilMinecraftSessionService.class:?]
	at com.mojang.authlib.yggdrasil.YggdrasilMinecraftSessionService$1.load(YggdrasilMinecraftSessionService.java:59) [YggdrasilMinecraftSessionService$1.class:?]
	at com.mojang.authlib.yggdrasil.YggdrasilMinecraftSessionService$1.load(YggdrasilMinecraftSessionService.java:56) [YggdrasilMinecraftSessionService$1.class:?]
	at com.google.common.cache.LocalCache$LoadingValueReference.loadFuture(LocalCache.java:3524) [guava-17.0.jar:?]
	at com.google.common.cache.LocalCache$Segment.loadSync(LocalCache.java:2317) [guava-17.0.jar:?]
	at com.google.common.cache.LocalCache$Segment.lockedGetOrLoad(LocalCache.java:2280) [guava-17.0.jar:?]
	at com.google.common.cache.LocalCache$Segment.get(LocalCache.java:2195) [guava-17.0.jar:?]
	at com.google.common.cache.LocalCache.get(LocalCache.java:3934) [guava-17.0.jar:?]
	at com.google.common.cache.LocalCache.getOrLoad(LocalCache.java:3938) [guava-17.0.jar:?]
	at com.google.common.cache.LocalCache$LocalLoadingCache.get(LocalCache.java:4821) [guava-17.0.jar:?]
	at com.google.common.cache.LocalCache$LocalLoadingCache.getUnchecked(LocalCache.java:4827) [guava-17.0.jar:?]
	at com.mojang.authlib.yggdrasil.YggdrasilMinecraftSessionService.fillProfileProperties(YggdrasilMinecraftSessionService.java:165) [YggdrasilMinecraftSessionService.class:?]
	at net.minecraft.client.Minecraft.getProfileProperties(Minecraft.java:3060) [Minecraft.class:?]
	at net.minecraft.client.resources.SkinManager$3.run(SkinManager.java:131) [SkinManager$3.class:?]
	at java.util.concurrent.Executors$RunnableAdapter.call(Unknown Source) [?:1.8.0_101]
	at java.util.concurrent.FutureTask.run(Unknown Source) [?:1.8.0_101]
	at java.util.concurrent.ThreadPoolExecutor.runWorker(Unknown Source) [?:1.8.0_101]
	at java.util.concurrent.ThreadPoolExecutor$Worker.run(Unknown Source) [?:1.8.0_101]
	at java.lang.Thread.run(Unknown Source) [?:1.8.0_101]
[18:58:52] [Server thread/INFO]: Player326 has just earned the achievement [Taking Inventory]
[18:58:52] [Client thread/WARN]: Failed to load texture: minecraft:textures/models/armor/Obsidian_layer_1.png
java.io.FileNotFoundException: minecraft:textures/models/armor/Obsidian_layer_1.png
	at net.minecraft.client.resources.FallbackResourceManager.getResource(FallbackResourceManager.java:68) ~[FallbackResourceManager.class:?]
	at net.minecraft.client.resources.SimpleReloadableResourceManager.getResource(SimpleReloadableResourceManager.java:65) ~[SimpleReloadableResourceManager.class:?]
	at net.minecraft.client.renderer.texture.SimpleTexture.loadTexture(SimpleTexture.java:34) ~[SimpleTexture.class:?]
	at net.minecraft.client.renderer.texture.TextureManager.loadTexture(TextureManager.java:67) [TextureManager.class:?]
	at net.minecraft.client.renderer.texture.TextureManager.bindTexture(TextureManager.java:42) [TextureManager.class:?]
	at net.minecraft.client.renderer.entity.Render.bindTexture(Render.java:128) [Render.class:?]
	at net.minecraft.client.renderer.entity.layers.LayerArmorBase.renderArmorLayer(LayerArmorBase.java:66) [LayerArmorBase.class:?]
	at net.minecraft.client.renderer.entity.layers.LayerArmorBase.doRenderLayer(LayerArmorBase.java:39) [LayerArmorBase.class:?]
	at net.minecraft.client.renderer.entity.RenderLivingBase.renderLayers(RenderLivingBase.java:456) [RenderLivingBase.class:?]
	at net.minecraft.client.renderer.entity.RenderLivingBase.doRender(RenderLivingBase.java:196) [RenderLivingBase.class:?]
	at net.minecraft.client.renderer.entity.RenderPlayer.doRender(RenderPlayer.java:74) [RenderPlayer.class:?]
	at net.minecraft.client.renderer.entity.RenderPlayer.doRender(RenderPlayer.java:28) [RenderPlayer.class:?]
	at net.minecraft.client.renderer.entity.RenderManager.doRenderEntity(RenderManager.java:371) [RenderManager.class:?]
	at net.minecraft.client.gui.inventory.GuiInventory.drawEntityOnScreen(GuiInventory.java:121) [GuiInventory.class:?]
	at net.minecraft.client.gui.inventory.GuiInventory.drawGuiContainerBackgroundLayer(GuiInventory.java:90) [GuiInventory.class:?]
	at net.minecraft.client.gui.inventory.GuiContainer.drawScreen(GuiContainer.java:94) [GuiContainer.class:?]
	at net.minecraft.client.renderer.InventoryEffectRenderer.drawScreen(InventoryEffectRenderer.java:59) [InventoryEffectRenderer.class:?]
	at net.minecraft.client.gui.inventory.GuiInventory.drawScreen(GuiInventory.java:75) [GuiInventory.class:?]
	at net.minecraftforge.client.ForgeHooksClient.drawScreen(ForgeHooksClient.java:382) [ForgeHooksClient.class:?]
	at net.minecraft.client.renderer.EntityRenderer.updateCameraAndRender(EntityRenderer.java:1147) [EntityRenderer.class:?]
	at net.minecraft.client.Minecraft.runGameLoop(Minecraft.java:1139) [Minecraft.class:?]
	at net.minecraft.client.Minecraft.run(Minecraft.java:406) [Minecraft.class:?]
	at net.minecraft.client.main.Main.main(Main.java:118) [Main.class:?]
	at sun.reflect.NativeMethodAccessorImpl.invoke0(Native Method) ~[?:1.8.0_101]
	at sun.reflect.NativeMethodAccessorImpl.invoke(Unknown Source) ~[?:1.8.0_101]
	at sun.reflect.DelegatingMethodAccessorImpl.invoke(Unknown Source) ~[?:1.8.0_101]
	at java.lang.reflect.Method.invoke(Unknown Source) ~[?:1.8.0_101]
	at net.minecraft.launchwrapper.Launch.launch(Launch.java:135) [launchwrapper-1.12.jar:?]
	at net.minecraft.launchwrapper.Launch.main(Launch.java:28) [launchwrapper-1.12.jar:?]
	at sun.reflect.NativeMethodAccessorImpl.invoke0(Native Method) ~[?:1.8.0_101]
	at sun.reflect.NativeMethodAccessorImpl.invoke(Unknown Source) ~[?:1.8.0_101]
	at sun.reflect.DelegatingMethodAccessorImpl.invoke(Unknown Source) ~[?:1.8.0_101]
	at java.lang.reflect.Method.invoke(Unknown Source) ~[?:1.8.0_101]
	at net.minecraftforge.gradle.GradleStartCommon.launch(GradleStartCommon.java:97) [start/:?]
	at GradleStart.main(GradleStart.java:26) [start/:?]
[18:58:52] [Client thread/INFO]: [CHAT] Player326 has just earned the achievement [Taking Inventory]
[18:58:57] [Server thread/INFO]: Saving and pausing game...
[18:58:57] [Server thread/INFO]: Saving chunks for level 'New World'/Overworld
[18:58:57] [Server thread/INFO]: Saving chunks for level 'New World'/Nether
[18:58:58] [Server thread/INFO]: Saving chunks for level 'New World'/The End
[18:59:01] [Server thread/INFO]: Saving and pausing game...
[18:59:01] [Server thread/INFO]: Saving chunks for level 'New World'/Overworld
[18:59:02] [Server thread/INFO]: Saving chunks for level 'New World'/Nether
[18:59:02] [Server thread/INFO]: Saving chunks for level 'New World'/The End
[18:59:02] [Server thread/INFO]: Stopping server
[18:59:02] [Server thread/INFO]: Saving players
[18:59:02] [Server thread/INFO]: Saving worlds
[18:59:02] [Server thread/INFO]: Saving chunks for level 'New World'/Overworld
[18:59:02] [Server thread/INFO]: Saving chunks for level 'New World'/Nether
[18:59:02] [Server thread/INFO]: Saving chunks for level 'New World'/The End
[18:59:04] [Client thread/INFO]: Stopping!
[18:59:04] [Client thread/INFO]: SoundSystem shutting down...
[18:59:05] [Client thread/WARN]: Author: Paul Lamb, www.paulscode.com
